#-----------------------------------------------------------
# Vivado v2020.1 (64-bit)
# SW Build 2902540 on Wed May 27 19:54:49 MDT 2020
# IP Build 2902112 on Wed May 27 22:43:36 MDT 2020
# Start of session at: Wed Jan  5 21:25:33 2022
# Process ID: 20692
# Current directory: D:/vivadoproject/singleCPUhlz
# Command line: vivado.exe -gui_launcher_event rodinguilauncherevent944 D:\vivadoproject\singleCPUhlz\CPU.xpr
# Log file: D:/vivadoproject/singleCPUhlz/vivado.log
# Journal file: D:/vivadoproject/singleCPUhlz\vivado.jou
#-----------------------------------------------------------
start_gui
open_project D:/vivadoproject/singleCPUhlz/CPU.xpr
Scanning sources...
Finished scanning sources
INFO: [IP_Flow 19-234] Refreshing IP repositories
INFO: [IP_Flow 19-1704] No user IP repositories specified
INFO: [IP_Flow 19-2313] Loaded Vivado IP repository 'D:/vvvvvvvvvv/Vivado/2020.1/data/ip'.
open_project: Time (s): cpu = 00:00:11 ; elapsed = 00:00:05 . Memory (MB): peak = 1067.969 ; gain = 0.000
update_compile_order -fileset sources_1
exit
INFO: [Common 17-206] Exiting Vivado at Wed Jan  5 21:26:06 2022...
