INFO: [VRFC 10-2263] Analyzing Verilog file "D:/Xlinx/VivadoProject/CPU/CPU.srcs/sources_1/new/select_5_bit.v" into library xil_defaultlib
INFO: [VRFC 10-311] analyzing module select_5_bit
INFO: [VRFC 10-2263] Analyzing Verilog file "D:/Xlinx/VivadoProject/CPU/CPU.srcs/sources_1/new/select_32_bit.v" into library xil_defaultlib
INFO: [VRFC 10-311] analyzing module select_32_bit
INFO: [VRFC 10-2263] Analyzing Verilog file "D:/Xlinx/VivadoProject/CPU/CPU.srcs/sources_1/new/select_32or5_bit.v" into library xil_defaultlib
INFO: [VRFC 10-311] analyzing module select_32or5_bit
INFO: [VRFC 10-2263] Analyzing Verilog file "D:/Xlinx/VivadoProject/CPU/CPU.srcs/sources_1/new/ROM.v" into library xil_defaultlib
INFO: [VRFC 10-311] analyzing module ROM
INFO: [VRFC 10-2263] Analyzing Verilog file "D:/Xlinx/VivadoProject/CPU/CPU.srcs/sources_1/new/Register File.v" into library xil_defaultlib
INFO: [VRFC 10-311] analyzing module RegFile
WARNING: [VRFC 10-756] identifier i is used before its declaration [D:/Xlinx/VivadoProject/CPU/CPU.srcs/sources_1/new/Register File.v:35]
WARNING: [VRFC 10-756] identifier i is used before its declaration [D:/Xlinx/VivadoProject/CPU/CPU.srcs/sources_1/new/Register File.v:36]
INFO: [VRFC 10-2263] Analyzing Verilog file "D:/Xlinx/VivadoProject/CPU/CPU.srcs/sources_1/new/RAM.v" into library xil_defaultlib
INFO: [VRFC 10-311] analyzing module RAM
INFO: [VRFC 10-2263] Analyzing Verilog file "D:/Xlinx/VivadoProject/CPU/CPU.srcs/sources_1/new/PCcounter.v" into library xil_defaultlib
INFO: [VRFC 10-311] analyzing module PCcounter
INFO: [VRFC 10-2263] Analyzing Verilog file "D:/Xlinx/VivadoProject/CPU/CPU.srcs/sources_1/new/PC.v" into library xil_defaultlib
INFO: [VRFC 10-311] analyzing module PC
INFO: [VRFC 10-2263] Analyzing Verilog file "D:/Xlinx/VivadoProject/CPU/CPU.srcs/sources_1/new/Extend.v" into library xil_defaultlib
INFO: [VRFC 10-311] analyzing module Extend
INFO: [VRFC 10-2263] Analyzing Verilog file "D:/Xlinx/VivadoProject/CPU/CPU.srcs/sources_1/new/ControlUnit.v" into library xil_defaultlib
INFO: [VRFC 10-311] analyzing module ControlUnit
INFO: [VRFC 10-2263] Analyzing Verilog file "D:/Xlinx/VivadoProject/CPU/CPU.srcs/sources_1/new/ALU.v" into library xil_defaultlib
INFO: [VRFC 10-311] analyzing module ALU
INFO: [VRFC 10-2263] Analyzing Verilog file "D:/Xlinx/VivadoProject/CPU/CPU.srcs/sources_1/new/Main.v" into library xil_defaultlib
INFO: [VRFC 10-311] analyzing module Main
INFO: [VRFC 10-2263] Analyzing Verilog file "D:/Xlinx/VivadoProject/CPU/CPU.srcs/sim_1/new/cpu_sim.v" into library xil_defaultlib
INFO: [VRFC 10-311] analyzing module cpu_sim
INFO: [VRFC 10-2263] Analyzing Verilog file "D:/Xlinx/VivadoProject/CPU/CPU.sim/sim_1/behav/glbl.v" into library xil_defaultlib
INFO: [VRFC 10-311] analyzing module glbl
